<?xml version="1.0" encoding="UTF-8"?>
<testng-results ignored="8" total="9" passed="1" failed="0" skipped="0">
  <reporter-output>
  </reporter-output>
  <suite started-at="2023-05-12T14:41:06 IST" name="Default suite" finished-at="2023-05-12T14:41:30 IST" duration-ms="24501">
    <groups>
    </groups>
    <test started-at="2023-05-12T14:41:06 IST" name="Default test" finished-at="2023-05-12T14:41:30 IST" duration-ms="24501">
      <class name="com.master_module.MasterModuleTestScripts">
        <test-method is-config="true" signature="initializeChrome()[pri:0, instance:com.master_module.MasterModuleTestScripts@130c12b7]" started-at="2023-05-12T14:41:06 IST" name="initializeChrome" finished-at="2023-05-12T14:41:08 IST" duration-ms="2063" status="PASS">
          <reporter-output>
          </reporter-output>
        </test-method> <!-- initializeChrome -->
        <test-method signature="verifyNavigateFunctionalityInServiceTypeCard()[pri:9, instance:com.master_module.MasterModuleTestScripts@130c12b7]" started-at="2023-05-12T14:41:08 IST" name="verifyNavigateFunctionalityInServiceTypeCard" description="This testcase verifies Admin is able to Navigate to the  Admin Card Page &amp; Customer Page from Customer Create, Customer Details and Customer Update Pages." finished-at="2023-05-12T14:41:30 IST" duration-ms="21937" status="PASS">
          <reporter-output>
          </reporter-output>
        </test-method> <!-- verifyNavigateFunctionalityInServiceTypeCard -->
        <test-method is-config="true" signature="tearDown()[pri:0, instance:com.master_module.MasterModuleTestScripts@130c12b7]" started-at="2023-05-12T14:41:30 IST" name="tearDown" finished-at="2023-05-12T14:41:30 IST" duration-ms="127" status="PASS">
          <reporter-output>
          </reporter-output>
        </test-method> <!-- tearDown -->
      </class> <!-- com.master_module.MasterModuleTestScripts -->
    </test> <!-- Default test -->
  </suite> <!-- Default suite -->
</testng-results>
